<?xml version="1.0" encoding="UTF-8"?>
<!-- Generated by org.testng.reporters.JUnitReportReporter -->
<testsuite hostname="joys-pc" failures="0" tests="1" name="com.restapi.test.GetApiTest" time="1.304" errors="0" timestamp="2021-07-07T21:55:42 IST" skipped="0">
  <testcase classname="com.restapi.test.GetApiTest" name="getTest" time="1.304"/>
  <system-out/>
</testsuite> <!-- com.restapi.test.GetApiTest -->
